
> wp-performance-dashboard@1.0.0 start
> node server.js

(node:36536) [DEP0040] DeprecationWarning: The `punycode` module is deprecated. Please use a userland alternative instead.
(Use `node --trace-deprecation ...` to show where the warning was created)
🚀 WordPress Performance Dashboard running on port 3000
📊 Dashboard available at: http://localhost:3000
Error broadcasting real-time data: Error
    at PromisePool.execute (/Users/daryl/work/pressable-job-prep/wp-performance-dashboard/node_modules/mysql2/lib/promise/pool.js:54:22)
    at Timeout._onTimeout (/Users/daryl/work/pressable-job-prep/wp-performance-dashboard/server.js:224:36)
    at listOnTimeout (node:internal/timers:594:17)
    at process.processTimers (node:internal/timers:529:7) {
  code: 'ECONNREFUSED',
  errno: undefined,
  sql: undefined,
  sqlState: undefined,
  sqlMessage: undefined
}
Error broadcasting real-time data: Error
    at PromisePool.execute (/Users/daryl/work/pressable-job-prep/wp-performance-dashboard/node_modules/mysql2/lib/promise/pool.js:54:22)
    at Timeout._onTimeout (/Users/daryl/work/pressable-job-prep/wp-performance-dashboard/server.js:224:36)
    at listOnTimeout (node:internal/timers:594:17)
    at process.processTimers (node:internal/timers:529:7) {
  code: 'ECONNREFUSED',
  errno: undefined,
  sql: undefined,
  sqlState: undefined,
  sqlMessage: undefined
}
Error broadcasting real-time data: Error
    at PromisePool.execute (/Users/daryl/work/pressable-job-prep/wp-performance-dashboard/node_modules/mysql2/lib/promise/pool.js:54:22)
    at Timeout._onTimeout (/Users/daryl/work/pressable-job-prep/wp-performance-dashboard/server.js:224:36)
    at listOnTimeout (node:internal/timers:594:17)
    at process.processTimers (node:internal/timers:529:7) {
  code: 'ECONNREFUSED',
  errno: undefined,
  sql: undefined,
  sqlState: undefined,
  sqlMessage: undefined
}
Error broadcasting real-time data: Error
    at PromisePool.execute (/Users/daryl/work/pressable-job-prep/wp-performance-dashboard/node_modules/mysql2/lib/promise/pool.js:54:22)
    at Timeout._onTimeout (/Users/daryl/work/pressable-job-prep/wp-performance-dashboard/server.js:224:36)
    at listOnTimeout (node:internal/timers:594:17)
    at process.processTimers (node:internal/timers:529:7) {
  code: 'ECONNREFUSED',
  errno: undefined,
  sql: undefined,
  sqlState: undefined,
  sqlMessage: undefined
}
Error broadcasting real-time data: Error
    at PromisePool.execute (/Users/daryl/work/pressable-job-prep/wp-performance-dashboard/node_modules/mysql2/lib/promise/pool.js:54:22)
    at Timeout._onTimeout (/Users/daryl/work/pressable-job-prep/wp-performance-dashboard/server.js:224:36)
    at listOnTimeout (node:internal/timers:594:17)
    at process.processTimers (node:internal/timers:529:7) {
  code: 'ECONNREFUSED',
  errno: undefined,
  sql: undefined,
  sqlState: undefined,
  sqlMessage: undefined
}
Error broadcasting real-time data: Error
    at PromisePool.execute (/Users/daryl/work/pressable-job-prep/wp-performance-dashboard/node_modules/mysql2/lib/promise/pool.js:54:22)
    at Timeout._onTimeout (/Users/daryl/work/pressable-job-prep/wp-performance-dashboard/server.js:224:36)
    at listOnTimeout (node:internal/timers:594:17)
    at process.processTimers (node:internal/timers:529:7) {
  code: 'ECONNREFUSED',
  errno: undefined,
  sql: undefined,
  sqlState: undefined,
  sqlMessage: undefined
}
Error broadcasting real-time data: Error
    at PromisePool.execute (/Users/daryl/work/pressable-job-prep/wp-performance-dashboard/node_modules/mysql2/lib/promise/pool.js:54:22)
    at Timeout._onTimeout (/Users/daryl/work/pressable-job-prep/wp-performance-dashboard/server.js:224:36)
    at listOnTimeout (node:internal/timers:594:17)
    at process.processTimers (node:internal/timers:529:7) {
  code: 'ECONNREFUSED',
  errno: undefined,
  sql: undefined,
  sqlState: undefined,
  sqlMessage: undefined
}
Error broadcasting real-time data: Error
    at PromisePool.execute (/Users/daryl/work/pressable-job-prep/wp-performance-dashboard/node_modules/mysql2/lib/promise/pool.js:54:22)
    at Timeout._onTimeout (/Users/daryl/work/pressable-job-prep/wp-performance-dashboard/server.js:224:36)
    at listOnTimeout (node:internal/timers:594:17)
    at process.processTimers (node:internal/timers:529:7) {
  code: 'ECONNREFUSED',
  errno: undefined,
  sql: undefined,
  sqlState: undefined,
  sqlMessage: undefined
}
Error broadcasting real-time data: Error
    at PromisePool.execute (/Users/daryl/work/pressable-job-prep/wp-performance-dashboard/node_modules/mysql2/lib/promise/pool.js:54:22)
    at Timeout._onTimeout (/Users/daryl/work/pressable-job-prep/wp-performance-dashboard/server.js:224:36)
    at listOnTimeout (node:internal/timers:594:17)
    at process.processTimers (node:internal/timers:529:7) {
  code: 'ECONNREFUSED',
  errno: undefined,
  sql: undefined,
  sqlState: undefined,
  sqlMessage: undefined
}
Error broadcasting real-time data: Error
    at PromisePool.execute (/Users/daryl/work/pressable-job-prep/wp-performance-dashboard/node_modules/mysql2/lib/promise/pool.js:54:22)
    at Timeout._onTimeout (/Users/daryl/work/pressable-job-prep/wp-performance-dashboard/server.js:224:36)
    at listOnTimeout (node:internal/timers:594:17)
    at process.processTimers (node:internal/timers:529:7) {
  code: 'ECONNREFUSED',
  errno: undefined,
  sql: undefined,
  sqlState: undefined,
  sqlMessage: undefined
}
Error broadcasting real-time data: Error
    at PromisePool.execute (/Users/daryl/work/pressable-job-prep/wp-performance-dashboard/node_modules/mysql2/lib/promise/pool.js:54:22)
    at Timeout._onTimeout (/Users/daryl/work/pressable-job-prep/wp-performance-dashboard/server.js:224:36)
    at listOnTimeout (node:internal/timers:594:17)
    at process.processTimers (node:internal/timers:529:7) {
  code: 'ECONNREFUSED',
  errno: undefined,
  sql: undefined,
  sqlState: undefined,
  sqlMessage: undefined
}
Error broadcasting real-time data: Error
    at PromisePool.execute (/Users/daryl/work/pressable-job-prep/wp-performance-dashboard/node_modules/mysql2/lib/promise/pool.js:54:22)
    at Timeout._onTimeout (/Users/daryl/work/pressable-job-prep/wp-performance-dashboard/server.js:224:36)
    at listOnTimeout (node:internal/timers:594:17)
    at process.processTimers (node:internal/timers:529:7) {
  code: 'ECONNREFUSED',
  errno: undefined,
  sql: undefined,
  sqlState: undefined,
  sqlMessage: undefined
}
Error broadcasting real-time data: Error
    at PromisePool.execute (/Users/daryl/work/pressable-job-prep/wp-performance-dashboard/node_modules/mysql2/lib/promise/pool.js:54:22)
    at Timeout._onTimeout (/Users/daryl/work/pressable-job-prep/wp-performance-dashboard/server.js:224:36)
    at listOnTimeout (node:internal/timers:594:17)
    at process.processTimers (node:internal/timers:529:7) {
  code: 'ECONNREFUSED',
  errno: undefined,
  sql: undefined,
  sqlState: undefined,
  sqlMessage: undefined
}
Error broadcasting real-time data: Error
    at PromisePool.execute (/Users/daryl/work/pressable-job-prep/wp-performance-dashboard/node_modules/mysql2/lib/promise/pool.js:54:22)
    at Timeout._onTimeout (/Users/daryl/work/pressable-job-prep/wp-performance-dashboard/server.js:224:36)
    at listOnTimeout (node:internal/timers:594:17)
    at process.processTimers (node:internal/timers:529:7) {
  code: 'ECONNREFUSED',
  errno: undefined,
  sql: undefined,
  sqlState: undefined,
  sqlMessage: undefined
}
Error broadcasting real-time data: Error
    at PromisePool.execute (/Users/daryl/work/pressable-job-prep/wp-performance-dashboard/node_modules/mysql2/lib/promise/pool.js:54:22)
    at Timeout._onTimeout (/Users/daryl/work/pressable-job-prep/wp-performance-dashboard/server.js:224:36)
    at listOnTimeout (node:internal/timers:594:17)
    at process.processTimers (node:internal/timers:529:7) {
  code: 'ECONNREFUSED',
  errno: undefined,
  sql: undefined,
  sqlState: undefined,
  sqlMessage: undefined
}
Error broadcasting real-time data: Error
    at PromisePool.execute (/Users/daryl/work/pressable-job-prep/wp-performance-dashboard/node_modules/mysql2/lib/promise/pool.js:54:22)
    at Timeout._onTimeout (/Users/daryl/work/pressable-job-prep/wp-performance-dashboard/server.js:224:36)
    at listOnTimeout (node:internal/timers:594:17)
    at process.processTimers (node:internal/timers:529:7) {
  code: 'ECONNREFUSED',
  errno: undefined,
  sql: undefined,
  sqlState: undefined,
  sqlMessage: undefined
}
Error broadcasting real-time data: Error
    at PromisePool.execute (/Users/daryl/work/pressable-job-prep/wp-performance-dashboard/node_modules/mysql2/lib/promise/pool.js:54:22)
    at Timeout._onTimeout (/Users/daryl/work/pressable-job-prep/wp-performance-dashboard/server.js:224:36)
    at listOnTimeout (node:internal/timers:594:17)
    at process.processTimers (node:internal/timers:529:7) {
  code: 'ECONNREFUSED',
  errno: undefined,
  sql: undefined,
  sqlState: undefined,
  sqlMessage: undefined
}
Error broadcasting real-time data: Error
    at PromisePool.execute (/Users/daryl/work/pressable-job-prep/wp-performance-dashboard/node_modules/mysql2/lib/promise/pool.js:54:22)
    at Timeout._onTimeout (/Users/daryl/work/pressable-job-prep/wp-performance-dashboard/server.js:224:36)
    at listOnTimeout (node:internal/timers:594:17)
    at process.processTimers (node:internal/timers:529:7) {
  code: 'ECONNREFUSED',
  errno: undefined,
  sql: undefined,
  sqlState: undefined,
  sqlMessage: undefined
}
